2026-05-10 21:23:32.172 [INFO] gateway-resource swagger ui is serving at address: http://127.0.0.1:8399/swagger/
2026-05-10 21:23:32.173 [INFO] gateway-resource openapi specification is serving at address: http://127.0.0.1:8399/api.json
2026-05-10 21:23:32.173 [INFO] gateway-resource pid[7153]: http server started listening on [:8399]
2026-05-10 21:23:32.174 [DEBU] gateway-resource service register: &{Head: Deployment: Namespace: Name:default Version: Endpoints:192.168.72.71:8399 Metadata:map[insecure:true protocol:http]}

----------|--------|-----------------------|----------------------------------------------------------------------------------------|----------------------------------
| ADDRESS | METHOD |         ROUTE         |                                        HANDLER                                         |           MIDDLEWARE            |
----------|--------|-----------------------|----------------------------------------------------------------------------------------|----------------------------------
| :8399   | ALL    | /*                    | shop-goframe-micro-service-refacotor/utility/middleware.MiddlewareCORS                 | GLOBAL MIDDLEWARE               |
----------|--------|-----------------------|----------------------------------------------------------------------------------------|----------------------------------
| :8399   | ALL    | /api.json             | github.com/gogf/gf/v2/net/ghttp.(*Server).openapiSpec                                  |                                 |
----------|--------|-----------------------|----------------------------------------------------------------------------------------|----------------------------------
| :8399   | POST   | /backend/upload/image | shop-goframe-micro-service-refacotor/app/gateway-resource/api/file.IFileV1.UploadImage | ghttp.MiddlewareHandlerResponse |
----------|--------|-----------------------|----------------------------------------------------------------------------------------|----------------------------------
| :8399   | ALL    | /swagger/*            | github.com/gogf/gf/v2/net/ghttp.(*Server).swaggerUI                                    | HOOK_BEFORE_SERVE               |
----------|--------|-----------------------|----------------------------------------------------------------------------------------|----------------------------------

2026-05-10 21:26:05.519 [FATA] gateway-resource net.Listen address ":8399" failed: listen tcp :8399: bind: address already in use
1. net.Listen address ":8399" failed
2. listen tcp :8399: bind: address already in use

2026-05-10 21:28:28.813 [FATA] gateway-resource net.Listen address ":8399" failed: listen tcp :8399: bind: address already in use
1. net.Listen address ":8399" failed
2. listen tcp :8399: bind: address already in use

2026-05-10 21:28:42.809 [INFO] gateway-resource pid[7839]: http server started listening on [:8399]
2026-05-10 21:28:42.809 [INFO] gateway-resource swagger ui is serving at address: http://127.0.0.1:8399/swagger/
2026-05-10 21:28:42.809 [INFO] gateway-resource openapi specification is serving at address: http://127.0.0.1:8399/api.json
2026-05-10 21:28:42.811 [DEBU] gateway-resource service register: &{Head: Deployment: Namespace: Name:default Version: Endpoints:192.168.72.71:8399 Metadata:map[insecure:true protocol:http]}

----------|--------|-----------------------|----------------------------------------------------------------------------------------|----------------------------------
| ADDRESS | METHOD |         ROUTE         |                                        HANDLER                                         |           MIDDLEWARE            |
----------|--------|-----------------------|----------------------------------------------------------------------------------------|----------------------------------
| :8399   | ALL    | /*                    | shop-goframe-micro-service-refacotor/utility/middleware.MiddlewareCORS                 | GLOBAL MIDDLEWARE               |
----------|--------|-----------------------|----------------------------------------------------------------------------------------|----------------------------------
| :8399   | ALL    | /api.json             | github.com/gogf/gf/v2/net/ghttp.(*Server).openapiSpec                                  |                                 |
----------|--------|-----------------------|----------------------------------------------------------------------------------------|----------------------------------
| :8399   | POST   | /backend/upload/image | shop-goframe-micro-service-refacotor/app/gateway-resource/api/file.IFileV1.UploadImage | ghttp.MiddlewareHandlerResponse |
----------|--------|-----------------------|----------------------------------------------------------------------------------------|----------------------------------
| :8399   | ALL    | /swagger/*            | github.com/gogf/gf/v2/net/ghttp.(*Server).swaggerUI                                    | HOOK_BEFORE_SERVE               |
----------|--------|-----------------------|----------------------------------------------------------------------------------------|----------------------------------

2026-05-10 21:29:58.626 [DEBU] gateway-resource service deregister: &{Service:0xc0000cf650 Endpoints:192.168.72.71:8399 Metadata:map[insecure:true protocol:http]}
2026-05-10 21:29:58.627 [INFO] gateway-resource pid[7839]: all servers shutdown
2026-05-10 22:55:24.812 [INFO] gateway-resource swagger ui is serving at address: http://127.0.0.1:8399/swagger/
2026-05-10 22:55:24.813 [INFO] gateway-resource openapi specification is serving at address: http://127.0.0.1:8399/api.json
2026-05-10 22:55:24.812 [INFO] gateway-resource pid[2574]: http server started listening on [:8399]
2026-05-10 22:55:24.843 [DEBU] gateway-resource service register: &{Head: Deployment: Namespace: Name:default Version: Endpoints:10.26.49.164:8399 Metadata:map[insecure:true protocol:http]}

----------|--------|-----------------------|----------------------------------------------------------------------------------------|----------------------------------
| ADDRESS | METHOD |         ROUTE         |                                        HANDLER                                         |           MIDDLEWARE            |
----------|--------|-----------------------|----------------------------------------------------------------------------------------|----------------------------------
| :8399   | ALL    | /*                    | shop-goframe-micro-service-refacotor/utility/middleware.MiddlewareCORS                 | GLOBAL MIDDLEWARE               |
----------|--------|-----------------------|----------------------------------------------------------------------------------------|----------------------------------
| :8399   | ALL    | /api.json             | github.com/gogf/gf/v2/net/ghttp.(*Server).openapiSpec                                  |                                 |
----------|--------|-----------------------|----------------------------------------------------------------------------------------|----------------------------------
| :8399   | POST   | /backend/upload/image | shop-goframe-micro-service-refacotor/app/gateway-resource/api/file.IFileV1.UploadImage | ghttp.MiddlewareHandlerResponse |
----------|--------|-----------------------|----------------------------------------------------------------------------------------|----------------------------------
| :8399   | ALL    | /swagger/*            | github.com/gogf/gf/v2/net/ghttp.(*Server).swaggerUI                                    | HOOK_BEFORE_SERVE               |
----------|--------|-----------------------|----------------------------------------------------------------------------------------|----------------------------------

2026-05-10 23:12:26.478 [DEBU] gateway-resource service deregister: &{Service:0xc000457b20 Endpoints:10.26.49.164:8399 Metadata:map[insecure:true protocol:http]}
2026-05-10 23:12:26.480 [INFO] gateway-resource pid[2574]: all servers shutdown
