2026-05-19 22:01:24.857 [INFO] user-service swagger ui is serving at address: http://127.0.0.1:8199/swagger/
2026-05-19 22:01:24.857 [INFO] user-service openapi specification is serving at address: http://127.0.0.1:8199/api.json
2026-05-19 22:01:24.857 [INFO] user-service pid[33145]: http server started listening on [:8199]
2026-05-19 22:01:24.889 [DEBU] user-service service register: &{Head: Deployment: Namespace: Name:default Version: Endpoints:10.26.49.164:8199 Metadata:map[insecure:true protocol:http]}

----------|--------|--------------------------------|---------------------------------------------------------------------------------------------------------------------------|----------------------------------
| ADDRESS | METHOD |             ROUTE              |                                                          HANDLER                                                          |           MIDDLEWARE            |
----------|--------|--------------------------------|---------------------------------------------------------------------------------------------------------------------------|----------------------------------
| :8199   | ALL    | /*                             | shop-goframe-micro-service-refacotor/utility/middleware.MiddlewareCORS                                                    | GLOBAL MIDDLEWARE               |
----------|--------|--------------------------------|---------------------------------------------------------------------------------------------------------------------------|----------------------------------
| :8199   | ALL    | /api.json                      | github.com/gogf/gf/v2/net/ghttp.(*Server).openapiSpec                                                                     |                                 |
----------|--------|--------------------------------|---------------------------------------------------------------------------------------------------------------------------|----------------------------------
| :8199   | DELETE | /frontend/cart                 | shop-goframe-micro-service-refacotor/app/gateway-h5/api/goods.IGoodsV1.CartInfoDelete                                     | ghttp.MiddlewareHandlerResponse |
|         |        |                                |                                                                                                                           | middleware.JWTAuth              |
----------|--------|--------------------------------|---------------------------------------------------------------------------------------------------------------------------|----------------------------------
| :8199   | GET    | /frontend/cart                 | shop-goframe-micro-service-refacotor/app/gateway-h5/api/goods.IGoodsV1.CartInfoGetList                                    | ghttp.MiddlewareHandlerResponse |
|         |        |                                |                                                                                                                           | middleware.JWTAuth              |
----------|--------|--------------------------------|---------------------------------------------------------------------------------------------------------------------------|----------------------------------
| :8199   | POST   | /frontend/cart                 | shop-goframe-micro-service-refacotor/app/gateway-h5/api/goods.IGoodsV1.CartInfoCreate                                     | ghttp.MiddlewareHandlerResponse |
|         |        |                                |                                                                                                                           | middleware.JWTAuth              |
----------|--------|--------------------------------|---------------------------------------------------------------------------------------------------------------------------|----------------------------------
| :8199   | GET    | /frontend/category             | shop-goframe-micro-service-refacotor/app/gateway-h5/api/goods.IGoodsV1.CategoryInfoGetList                                | ghttp.MiddlewareHandlerResponse |
----------|--------|--------------------------------|---------------------------------------------------------------------------------------------------------------------------|----------------------------------
| :8199   | GET    | /frontend/category/all         | shop-goframe-micro-service-refacotor/app/gateway-h5/api/goods.IGoodsV1.CategoryInfoGetAll                                 | ghttp.MiddlewareHandlerResponse |
----------|--------|--------------------------------|---------------------------------------------------------------------------------------------------------------------------|----------------------------------
| :8199   | DELETE | /frontend/collection           | shop-goframe-micro-service-refacotor/app/gateway-h5/internal/controller/interaction.(*ControllerV1).CollectionInfoDelete  | ghttp.MiddlewareHandlerResponse |
|         |        |                                |                                                                                                                           | middleware.JWTAuth              |
----------|--------|--------------------------------|---------------------------------------------------------------------------------------------------------------------------|----------------------------------
| :8199   | GET    | /frontend/collection           | shop-goframe-micro-service-refacotor/app/gateway-h5/internal/controller/interaction.(*ControllerV1).CollectionInfoGetList | ghttp.MiddlewareHandlerResponse |
|         |        |                                |                                                                                                                           | middleware.JWTAuth              |
----------|--------|--------------------------------|---------------------------------------------------------------------------------------------------------------------------|----------------------------------
| :8199   | POST   | /frontend/collection           | shop-goframe-micro-service-refacotor/app/gateway-h5/internal/controller/interaction.(*ControllerV1).CollectionInfoCreate  | ghttp.MiddlewareHandlerResponse |
|         |        |                                |                                                                                                                           | middleware.JWTAuth              |
----------|--------|--------------------------------|---------------------------------------------------------------------------------------------------------------------------|----------------------------------
| :8199   | DELETE | /frontend/comment              | shop-goframe-micro-service-refacotor/app/gateway-h5/internal/controller/interaction.(*ControllerV1).CommentInfoDelete     | ghttp.MiddlewareHandlerResponse |
|         |        |                                |                                                                                                                           | middleware.JWTAuth              |
----------|--------|--------------------------------|---------------------------------------------------------------------------------------------------------------------------|----------------------------------
| :8199   | GET    | /frontend/comment              | shop-goframe-micro-service-refacotor/app/gateway-h5/internal/controller/interaction.(*ControllerV1).CommentInfoGetList    | ghttp.MiddlewareHandlerResponse |
|         |        |                                |                                                                                                                           | middleware.JWTAuth              |
----------|--------|--------------------------------|---------------------------------------------------------------------------------------------------------------------------|----------------------------------
| :8199   | POST   | /frontend/comment              | shop-goframe-micro-service-refacotor/app/gateway-h5/internal/controller/interaction.(*ControllerV1).CommentInfoCreate     | ghttp.MiddlewareHandlerResponse |
|         |        |                                |                                                                                                                           | middleware.JWTAuth              |
----------|--------|--------------------------------|---------------------------------------------------------------------------------------------------------------------------|----------------------------------
| :8199   | DELETE | /frontend/consignee            | shop-goframe-micro-service-refacotor/app/gateway-h5/api/user.IUserV1.ConsigneeInfoDelete                                  | ghttp.MiddlewareHandlerResponse |
|         |        |                                |                                                                                                                           | middleware.JWTAuth              |
----------|--------|--------------------------------|---------------------------------------------------------------------------------------------------------------------------|----------------------------------
| :8199   | GET    | /frontend/consignee            | shop-goframe-micro-service-refacotor/app/gateway-h5/api/user.IUserV1.ConsigneeInfoGetList                                 | ghttp.MiddlewareHandlerResponse |
|         |        |                                |                                                                                                                           | middleware.JWTAuth              |
----------|--------|--------------------------------|---------------------------------------------------------------------------------------------------------------------------|----------------------------------
| :8199   | POST   | /frontend/consignee            | shop-goframe-micro-service-refacotor/app/gateway-h5/api/user.IUserV1.ConsigneeInfoCreate                                  | ghttp.MiddlewareHandlerResponse |
|         |        |                                |                                                                                                                           | middleware.JWTAuth              |
----------|--------|--------------------------------|---------------------------------------------------------------------------------------------------------------------------|----------------------------------
| :8199   | PUT    | /frontend/consignee            | shop-goframe-micro-service-refacotor/app/gateway-h5/api/user.IUserV1.ConsigneeInfoUpdate                                  | ghttp.MiddlewareHandlerResponse |
|         |        |                                |                                                                                                                           | middleware.JWTAuth              |
----------|--------|--------------------------------|---------------------------------------------------------------------------------------------------------------------------|----------------------------------
| :8199   | GET    | /frontend/goods                | shop-goframe-micro-service-refacotor/app/gateway-h5/api/goods.IGoodsV1.GoodsInfoGetList                                   | ghttp.MiddlewareHandlerResponse |
----------|--------|--------------------------------|---------------------------------------------------------------------------------------------------------------------------|----------------------------------
| :8199   | GET    | /frontend/goods/detail         | shop-goframe-micro-service-refacotor/app/gateway-h5/api/goods.IGoodsV1.GoodsInfoGetDetail                                 | ghttp.MiddlewareHandlerResponse |
----------|--------|--------------------------------|---------------------------------------------------------------------------------------------------------------------------|----------------------------------
| :8199   | POST   | /frontend/notify               | shop-goframe-micro-service-refacotor/app/gateway-h5/api/order.IOrderV1.Notify                                             | ghttp.MiddlewareHandlerResponse |
----------|--------|--------------------------------|---------------------------------------------------------------------------------------------------------------------------|----------------------------------
| :8199   | GET    | /frontend/order                | shop-goframe-micro-service-refacotor/app/gateway-h5/api/order.IOrderV1.OrderInfoGetList                                   | ghttp.MiddlewareHandlerResponse |
|         |        |                                |                                                                                                                           | middleware.JWTAuth              |
----------|--------|--------------------------------|---------------------------------------------------------------------------------------------------------------------------|----------------------------------
| :8199   | POST   | /frontend/order                | shop-goframe-micro-service-refacotor/app/gateway-h5/api/order.IOrderV1.OrderInfoCreate                                    | ghttp.MiddlewareHandlerResponse |
|         |        |                                |                                                                                                                           | middleware.JWTAuth              |
----------|--------|--------------------------------|---------------------------------------------------------------------------------------------------------------------------|----------------------------------
| :8199   | POST   | /frontend/order/cancel         | shop-goframe-micro-service-refacotor/app/gateway-h5/api/order.IOrderV1.CancelOrder                                        | ghttp.MiddlewareHandlerResponse |
|         |        |                                |                                                                                                                           | middleware.JWTAuth              |
----------|--------|--------------------------------|---------------------------------------------------------------------------------------------------------------------------|----------------------------------
| :8199   | GET    | /frontend/order/count          | shop-goframe-micro-service-refacotor/app/gateway-h5/api/order.IOrderV1.OrderInfoGetCount                                  | ghttp.MiddlewareHandlerResponse |
|         |        |                                |                                                                                                                           | middleware.JWTAuth              |
----------|--------|--------------------------------|---------------------------------------------------------------------------------------------------------------------------|----------------------------------
| :8199   | GET    | /frontend/order/{id}           | shop-goframe-micro-service-refacotor/app/gateway-h5/api/order.IOrderV1.OrderInfoGetDetail                                 | ghttp.MiddlewareHandlerResponse |
|         |        |                                |                                                                                                                           | middleware.JWTAuth              |
----------|--------|--------------------------------|---------------------------------------------------------------------------------------------------------------------------|----------------------------------
| :8199   | POST   | /frontend/payment              | shop-goframe-micro-service-refacotor/app/gateway-h5/api/order.IOrderV1.Payment                                            | ghttp.MiddlewareHandlerResponse |
|         |        |                                |                                                                                                                           | middleware.JWTAuth              |
----------|--------|--------------------------------|---------------------------------------------------------------------------------------------------------------------------|----------------------------------
| :8199   | GET    | /frontend/position             | shop-goframe-micro-service-refacotor/app/gateway-h5/internal/controller/banner.(*ControllerV1).PositionInfoGetList        | ghttp.MiddlewareHandlerResponse |
----------|--------|--------------------------------|---------------------------------------------------------------------------------------------------------------------------|----------------------------------
| :8199   | DELETE | /frontend/praise               | shop-goframe-micro-service-refacotor/app/gateway-h5/internal/controller/interaction.(*ControllerV1).PraiseInfoDelete      | ghttp.MiddlewareHandlerResponse |
|         |        |                                |                                                                                                                           | middleware.JWTAuth              |
----------|--------|--------------------------------|---------------------------------------------------------------------------------------------------------------------------|----------------------------------
| :8199   | GET    | /frontend/praise               | shop-goframe-micro-service-refacotor/app/gateway-h5/internal/controller/interaction.(*ControllerV1).PraiseInfoGetList     | ghttp.MiddlewareHandlerResponse |
|         |        |                                |                                                                                                                           | middleware.JWTAuth              |
----------|--------|--------------------------------|---------------------------------------------------------------------------------------------------------------------------|----------------------------------
| :8199   | POST   | /frontend/praise               | shop-goframe-micro-service-refacotor/app/gateway-h5/internal/controller/interaction.(*ControllerV1).PraiseInfoCreate      | ghttp.MiddlewareHandlerResponse |
|         |        |                                |                                                                                                                           | middleware.JWTAuth              |
----------|--------|--------------------------------|---------------------------------------------------------------------------------------------------------------------------|----------------------------------
| :8199   | GET    | /frontend/refund               | shop-goframe-micro-service-refacotor/app/gateway-h5/api/order.IOrderV1.RefundInfoGetList                                  | ghttp.MiddlewareHandlerResponse |
|         |        |                                |                                                                                                                           | middleware.JWTAuth              |
----------|--------|--------------------------------|---------------------------------------------------------------------------------------------------------------------------|----------------------------------
| :8199   | POST   | /frontend/refund               | shop-goframe-micro-service-refacotor/app/gateway-h5/api/order.IOrderV1.RefundInfoCreate                                   | ghttp.MiddlewareHandlerResponse |
|         |        |                                |                                                                                                                           | middleware.JWTAuth              |
----------|--------|--------------------------------|---------------------------------------------------------------------------------------------------------------------------|----------------------------------
| :8199   | GET    | /frontend/refund/detail/{id}   | shop-goframe-micro-service-refacotor/app/gateway-h5/api/order.IOrderV1.RefundInfoGetDetail                                | ghttp.MiddlewareHandlerResponse |
|         |        |                                |                                                                                                                           | middleware.JWTAuth              |
----------|--------|--------------------------------|---------------------------------------------------------------------------------------------------------------------------|----------------------------------
| :8199   | POST   | /frontend/refundNotify         | shop-goframe-micro-service-refacotor/app/gateway-h5/api/order.IOrderV1.RefundNotify                                       | ghttp.MiddlewareHandlerResponse |
----------|--------|--------------------------------|---------------------------------------------------------------------------------------------------------------------------|----------------------------------
| :8199   | GET    | /frontend/rotation             | shop-goframe-micro-service-refacotor/app/gateway-h5/internal/controller/banner.(*ControllerV1).RotationInfoGetList        | ghttp.MiddlewareHandlerResponse |
----------|--------|--------------------------------|---------------------------------------------------------------------------------------------------------------------------|----------------------------------
| :8199   | GET    | /frontend/user/info            | shop-goframe-micro-service-refacotor/app/gateway-h5/api/user.IUserV1.UserInfo                                             | ghttp.MiddlewareHandlerResponse |
|         |        |                                |                                                                                                                           | middleware.JWTAuth              |
----------|--------|--------------------------------|---------------------------------------------------------------------------------------------------------------------------|----------------------------------
| :8199   | POST   | /frontend/user/login           | shop-goframe-micro-service-refacotor/app/gateway-h5/api/user.IUserV1.UserInfoLogin                                        | ghttp.MiddlewareHandlerResponse |
----------|--------|--------------------------------|---------------------------------------------------------------------------------------------------------------------------|----------------------------------
| :8199   | POST   | /frontend/user/register        | shop-goframe-micro-service-refacotor/app/gateway-h5/api/user.IUserV1.UserInfoRegister                                     | ghttp.MiddlewareHandlerResponse |
----------|--------|--------------------------------|---------------------------------------------------------------------------------------------------------------------------|----------------------------------
| :8199   | PUT    | /frontend/user/update/password | shop-goframe-micro-service-refacotor/app/gateway-h5/api/user.IUserV1.UserInfoUpdatePassword                               | ghttp.MiddlewareHandlerResponse |
|         |        |                                |                                                                                                                           | middleware.JWTAuth              |
----------|--------|--------------------------------|---------------------------------------------------------------------------------------------------------------------------|----------------------------------
| :8199   | GET    | /frontend/user_coupon          | shop-goframe-micro-service-refacotor/app/gateway-h5/api/goods.IGoodsV1.UserCouponInfoGetList                              | ghttp.MiddlewareHandlerResponse |
|         |        |                                |                                                                                                                           | middleware.JWTAuth              |
----------|--------|--------------------------------|---------------------------------------------------------------------------------------------------------------------------|----------------------------------
| :8199   | ALL    | /swagger/*                     | github.com/gogf/gf/v2/net/ghttp.(*Server).swaggerUI                                                                       | HOOK_BEFORE_SERVE               |
----------|--------|--------------------------------|---------------------------------------------------------------------------------------------------------------------------|----------------------------------

2026-05-19 22:19:22.357 [DEBU] user-service service deregister: &{Service:0xc00034c0e0 Endpoints:10.26.49.164:8199 Metadata:map[insecure:true protocol:http]}
2026-05-19 22:19:22.370 [INFO] user-service pid[33145]: all servers shutdown
2026-05-19 22:19:43.078 [INFO] user-service swagger ui is serving at address: http://127.0.0.1:8199/swagger/
2026-05-19 22:19:43.078 [INFO] user-service openapi specification is serving at address: http://127.0.0.1:8199/api.json
2026-05-19 22:19:43.078 [INFO] user-service pid[39369]: http server started listening on [:8199]
2026-05-19 22:19:43.109 [DEBU] user-service service register: &{Head: Deployment: Namespace: Name:default Version: Endpoints:10.26.49.164:8199 Metadata:map[insecure:true protocol:http]}

----------|--------|--------------------------------|---------------------------------------------------------------------------------------------------------------------------|----------------------------------
| ADDRESS | METHOD |             ROUTE              |                                                          HANDLER                                                          |           MIDDLEWARE            |
----------|--------|--------------------------------|---------------------------------------------------------------------------------------------------------------------------|----------------------------------
| :8199   | ALL    | /*                             | shop-goframe-micro-service-refacotor/utility/middleware.MiddlewareCORS                                                    | GLOBAL MIDDLEWARE               |
----------|--------|--------------------------------|---------------------------------------------------------------------------------------------------------------------------|----------------------------------
| :8199   | ALL    | /api.json                      | github.com/gogf/gf/v2/net/ghttp.(*Server).openapiSpec                                                                     |                                 |
----------|--------|--------------------------------|---------------------------------------------------------------------------------------------------------------------------|----------------------------------
| :8199   | DELETE | /frontend/cart                 | shop-goframe-micro-service-refacotor/app/gateway-h5/api/goods.IGoodsV1.CartInfoDelete                                     | ghttp.MiddlewareHandlerResponse |
|         |        |                                |                                                                                                                           | middleware.JWTAuth              |
----------|--------|--------------------------------|---------------------------------------------------------------------------------------------------------------------------|----------------------------------
| :8199   | GET    | /frontend/cart                 | shop-goframe-micro-service-refacotor/app/gateway-h5/api/goods.IGoodsV1.CartInfoGetList                                    | ghttp.MiddlewareHandlerResponse |
|         |        |                                |                                                                                                                           | middleware.JWTAuth              |
----------|--------|--------------------------------|---------------------------------------------------------------------------------------------------------------------------|----------------------------------
| :8199   | POST   | /frontend/cart                 | shop-goframe-micro-service-refacotor/app/gateway-h5/api/goods.IGoodsV1.CartInfoCreate                                     | ghttp.MiddlewareHandlerResponse |
|         |        |                                |                                                                                                                           | middleware.JWTAuth              |
----------|--------|--------------------------------|---------------------------------------------------------------------------------------------------------------------------|----------------------------------
| :8199   | GET    | /frontend/category             | shop-goframe-micro-service-refacotor/app/gateway-h5/api/goods.IGoodsV1.CategoryInfoGetList                                | ghttp.MiddlewareHandlerResponse |
----------|--------|--------------------------------|---------------------------------------------------------------------------------------------------------------------------|----------------------------------
| :8199   | GET    | /frontend/category/all         | shop-goframe-micro-service-refacotor/app/gateway-h5/api/goods.IGoodsV1.CategoryInfoGetAll                                 | ghttp.MiddlewareHandlerResponse |
----------|--------|--------------------------------|---------------------------------------------------------------------------------------------------------------------------|----------------------------------
| :8199   | DELETE | /frontend/collection           | shop-goframe-micro-service-refacotor/app/gateway-h5/internal/controller/interaction.(*ControllerV1).CollectionInfoDelete  | ghttp.MiddlewareHandlerResponse |
|         |        |                                |                                                                                                                           | middleware.JWTAuth              |
----------|--------|--------------------------------|---------------------------------------------------------------------------------------------------------------------------|----------------------------------
| :8199   | GET    | /frontend/collection           | shop-goframe-micro-service-refacotor/app/gateway-h5/internal/controller/interaction.(*ControllerV1).CollectionInfoGetList | ghttp.MiddlewareHandlerResponse |
|         |        |                                |                                                                                                                           | middleware.JWTAuth              |
----------|--------|--------------------------------|---------------------------------------------------------------------------------------------------------------------------|----------------------------------
| :8199   | POST   | /frontend/collection           | shop-goframe-micro-service-refacotor/app/gateway-h5/internal/controller/interaction.(*ControllerV1).CollectionInfoCreate  | ghttp.MiddlewareHandlerResponse |
|         |        |                                |                                                                                                                           | middleware.JWTAuth              |
----------|--------|--------------------------------|---------------------------------------------------------------------------------------------------------------------------|----------------------------------
| :8199   | DELETE | /frontend/comment              | shop-goframe-micro-service-refacotor/app/gateway-h5/internal/controller/interaction.(*ControllerV1).CommentInfoDelete     | ghttp.MiddlewareHandlerResponse |
|         |        |                                |                                                                                                                           | middleware.JWTAuth              |
----------|--------|--------------------------------|---------------------------------------------------------------------------------------------------------------------------|----------------------------------
| :8199   | GET    | /frontend/comment              | shop-goframe-micro-service-refacotor/app/gateway-h5/internal/controller/interaction.(*ControllerV1).CommentInfoGetList    | ghttp.MiddlewareHandlerResponse |
|         |        |                                |                                                                                                                           | middleware.JWTAuth              |
----------|--------|--------------------------------|---------------------------------------------------------------------------------------------------------------------------|----------------------------------
| :8199   | POST   | /frontend/comment              | shop-goframe-micro-service-refacotor/app/gateway-h5/internal/controller/interaction.(*ControllerV1).CommentInfoCreate     | ghttp.MiddlewareHandlerResponse |
|         |        |                                |                                                                                                                           | middleware.JWTAuth              |
----------|--------|--------------------------------|---------------------------------------------------------------------------------------------------------------------------|----------------------------------
| :8199   | DELETE | /frontend/consignee            | shop-goframe-micro-service-refacotor/app/gateway-h5/api/user.IUserV1.ConsigneeInfoDelete                                  | ghttp.MiddlewareHandlerResponse |
|         |        |                                |                                                                                                                           | middleware.JWTAuth              |
----------|--------|--------------------------------|---------------------------------------------------------------------------------------------------------------------------|----------------------------------
| :8199   | GET    | /frontend/consignee            | shop-goframe-micro-service-refacotor/app/gateway-h5/api/user.IUserV1.ConsigneeInfoGetList                                 | ghttp.MiddlewareHandlerResponse |
|         |        |                                |                                                                                                                           | middleware.JWTAuth              |
----------|--------|--------------------------------|---------------------------------------------------------------------------------------------------------------------------|----------------------------------
| :8199   | POST   | /frontend/consignee            | shop-goframe-micro-service-refacotor/app/gateway-h5/api/user.IUserV1.ConsigneeInfoCreate                                  | ghttp.MiddlewareHandlerResponse |
|         |        |                                |                                                                                                                           | middleware.JWTAuth              |
----------|--------|--------------------------------|---------------------------------------------------------------------------------------------------------------------------|----------------------------------
| :8199   | PUT    | /frontend/consignee            | shop-goframe-micro-service-refacotor/app/gateway-h5/api/user.IUserV1.ConsigneeInfoUpdate                                  | ghttp.MiddlewareHandlerResponse |
|         |        |                                |                                                                                                                           | middleware.JWTAuth              |
----------|--------|--------------------------------|---------------------------------------------------------------------------------------------------------------------------|----------------------------------
| :8199   | GET    | /frontend/goods                | shop-goframe-micro-service-refacotor/app/gateway-h5/api/goods.IGoodsV1.GoodsInfoGetList                                   | ghttp.MiddlewareHandlerResponse |
----------|--------|--------------------------------|---------------------------------------------------------------------------------------------------------------------------|----------------------------------
| :8199   | GET    | /frontend/goods/detail         | shop-goframe-micro-service-refacotor/app/gateway-h5/api/goods.IGoodsV1.GoodsInfoGetDetail                                 | ghttp.MiddlewareHandlerResponse |
----------|--------|--------------------------------|---------------------------------------------------------------------------------------------------------------------------|----------------------------------
| :8199   | POST   | /frontend/notify               | shop-goframe-micro-service-refacotor/app/gateway-h5/api/order.IOrderV1.Notify                                             | ghttp.MiddlewareHandlerResponse |
----------|--------|--------------------------------|---------------------------------------------------------------------------------------------------------------------------|----------------------------------
| :8199   | GET    | /frontend/order                | shop-goframe-micro-service-refacotor/app/gateway-h5/api/order.IOrderV1.OrderInfoGetList                                   | ghttp.MiddlewareHandlerResponse |
|         |        |                                |                                                                                                                           | middleware.JWTAuth              |
----------|--------|--------------------------------|---------------------------------------------------------------------------------------------------------------------------|----------------------------------
| :8199   | POST   | /frontend/order                | shop-goframe-micro-service-refacotor/app/gateway-h5/api/order.IOrderV1.OrderInfoCreate                                    | ghttp.MiddlewareHandlerResponse |
|         |        |                                |                                                                                                                           | middleware.JWTAuth              |
----------|--------|--------------------------------|---------------------------------------------------------------------------------------------------------------------------|----------------------------------
| :8199   | POST   | /frontend/order/cancel         | shop-goframe-micro-service-refacotor/app/gateway-h5/api/order.IOrderV1.CancelOrder                                        | ghttp.MiddlewareHandlerResponse |
|         |        |                                |                                                                                                                           | middleware.JWTAuth              |
----------|--------|--------------------------------|---------------------------------------------------------------------------------------------------------------------------|----------------------------------
| :8199   | GET    | /frontend/order/count          | shop-goframe-micro-service-refacotor/app/gateway-h5/api/order.IOrderV1.OrderInfoGetCount                                  | ghttp.MiddlewareHandlerResponse |
|         |        |                                |                                                                                                                           | middleware.JWTAuth              |
----------|--------|--------------------------------|---------------------------------------------------------------------------------------------------------------------------|----------------------------------
| :8199   | GET    | /frontend/order/{id}           | shop-goframe-micro-service-refacotor/app/gateway-h5/api/order.IOrderV1.OrderInfoGetDetail                                 | ghttp.MiddlewareHandlerResponse |
|         |        |                                |                                                                                                                           | middleware.JWTAuth              |
----------|--------|--------------------------------|---------------------------------------------------------------------------------------------------------------------------|----------------------------------
| :8199   | POST   | /frontend/payment              | shop-goframe-micro-service-refacotor/app/gateway-h5/api/order.IOrderV1.Payment                                            | ghttp.MiddlewareHandlerResponse |
|         |        |                                |                                                                                                                           | middleware.JWTAuth              |
----------|--------|--------------------------------|---------------------------------------------------------------------------------------------------------------------------|----------------------------------
| :8199   | GET    | /frontend/position             | shop-goframe-micro-service-refacotor/app/gateway-h5/internal/controller/banner.(*ControllerV1).PositionInfoGetList        | ghttp.MiddlewareHandlerResponse |
----------|--------|--------------------------------|---------------------------------------------------------------------------------------------------------------------------|----------------------------------
| :8199   | DELETE | /frontend/praise               | shop-goframe-micro-service-refacotor/app/gateway-h5/internal/controller/interaction.(*ControllerV1).PraiseInfoDelete      | ghttp.MiddlewareHandlerResponse |
|         |        |                                |                                                                                                                           | middleware.JWTAuth              |
----------|--------|--------------------------------|---------------------------------------------------------------------------------------------------------------------------|----------------------------------
| :8199   | GET    | /frontend/praise               | shop-goframe-micro-service-refacotor/app/gateway-h5/internal/controller/interaction.(*ControllerV1).PraiseInfoGetList     | ghttp.MiddlewareHandlerResponse |
|         |        |                                |                                                                                                                           | middleware.JWTAuth              |
----------|--------|--------------------------------|---------------------------------------------------------------------------------------------------------------------------|----------------------------------
| :8199   | POST   | /frontend/praise               | shop-goframe-micro-service-refacotor/app/gateway-h5/internal/controller/interaction.(*ControllerV1).PraiseInfoCreate      | ghttp.MiddlewareHandlerResponse |
|         |        |                                |                                                                                                                           | middleware.JWTAuth              |
----------|--------|--------------------------------|---------------------------------------------------------------------------------------------------------------------------|----------------------------------
| :8199   | GET    | /frontend/refund               | shop-goframe-micro-service-refacotor/app/gateway-h5/api/order.IOrderV1.RefundInfoGetList                                  | ghttp.MiddlewareHandlerResponse |
|         |        |                                |                                                                                                                           | middleware.JWTAuth              |
----------|--------|--------------------------------|---------------------------------------------------------------------------------------------------------------------------|----------------------------------
| :8199   | POST   | /frontend/refund               | shop-goframe-micro-service-refacotor/app/gateway-h5/api/order.IOrderV1.RefundInfoCreate                                   | ghttp.MiddlewareHandlerResponse |
|         |        |                                |                                                                                                                           | middleware.JWTAuth              |
----------|--------|--------------------------------|---------------------------------------------------------------------------------------------------------------------------|----------------------------------
| :8199   | GET    | /frontend/refund/detail/{id}   | shop-goframe-micro-service-refacotor/app/gateway-h5/api/order.IOrderV1.RefundInfoGetDetail                                | ghttp.MiddlewareHandlerResponse |
|         |        |                                |                                                                                                                           | middleware.JWTAuth              |
----------|--------|--------------------------------|---------------------------------------------------------------------------------------------------------------------------|----------------------------------
| :8199   | POST   | /frontend/refundNotify         | shop-goframe-micro-service-refacotor/app/gateway-h5/api/order.IOrderV1.RefundNotify                                       | ghttp.MiddlewareHandlerResponse |
----------|--------|--------------------------------|---------------------------------------------------------------------------------------------------------------------------|----------------------------------
| :8199   | GET    | /frontend/rotation             | shop-goframe-micro-service-refacotor/app/gateway-h5/internal/controller/banner.(*ControllerV1).RotationInfoGetList        | ghttp.MiddlewareHandlerResponse |
----------|--------|--------------------------------|---------------------------------------------------------------------------------------------------------------------------|----------------------------------
| :8199   | GET    | /frontend/user/info            | shop-goframe-micro-service-refacotor/app/gateway-h5/api/user.IUserV1.UserInfo                                             | ghttp.MiddlewareHandlerResponse |
|         |        |                                |                                                                                                                           | middleware.JWTAuth              |
----------|--------|--------------------------------|---------------------------------------------------------------------------------------------------------------------------|----------------------------------
| :8199   | POST   | /frontend/user/login           | shop-goframe-micro-service-refacotor/app/gateway-h5/api/user.IUserV1.UserInfoLogin                                        | ghttp.MiddlewareHandlerResponse |
----------|--------|--------------------------------|---------------------------------------------------------------------------------------------------------------------------|----------------------------------
| :8199   | POST   | /frontend/user/register        | shop-goframe-micro-service-refacotor/app/gateway-h5/api/user.IUserV1.UserInfoRegister                                     | ghttp.MiddlewareHandlerResponse |
----------|--------|--------------------------------|---------------------------------------------------------------------------------------------------------------------------|----------------------------------
| :8199   | PUT    | /frontend/user/update/password | shop-goframe-micro-service-refacotor/app/gateway-h5/api/user.IUserV1.UserInfoUpdatePassword                               | ghttp.MiddlewareHandlerResponse |
|         |        |                                |                                                                                                                           | middleware.JWTAuth              |
----------|--------|--------------------------------|---------------------------------------------------------------------------------------------------------------------------|----------------------------------
| :8199   | GET    | /frontend/user_coupon          | shop-goframe-micro-service-refacotor/app/gateway-h5/api/goods.IGoodsV1.UserCouponInfoGetList                              | ghttp.MiddlewareHandlerResponse |
|         |        |                                |                                                                                                                           | middleware.JWTAuth              |
----------|--------|--------------------------------|---------------------------------------------------------------------------------------------------------------------------|----------------------------------
| :8199   | ALL    | /swagger/*                     | github.com/gogf/gf/v2/net/ghttp.(*Server).swaggerUI                                                                       | HOOK_BEFORE_SERVE               |
----------|--------|--------------------------------|---------------------------------------------------------------------------------------------------------------------------|----------------------------------

2026-05-19 22:23:05.122 [DEBU] user-service service deregister: &{Service:0xc00041eb60 Endpoints:10.26.49.164:8199 Metadata:map[insecure:true protocol:http]}
2026-05-19 22:23:05.128 [INFO] user-service pid[39369]: all servers shutdown
