2026-05-14 21:59:00.294 [INFO] user-service swagger ui is serving at address: http://127.0.0.1:8199/swagger/
2026-05-14 21:59:00.295 [INFO] user-service openapi specification is serving at address: http://127.0.0.1:8199/api.json
2026-05-14 21:59:00.295 [INFO] user-service pid[9601]: http server started listening on [:8199]
2026-05-14 21:59:00.325 [DEBU] user-service service register: &{Head: Deployment: Namespace: Name:default Version: Endpoints:10.26.49.164:8199 Metadata:map[insecure:true protocol:http]}

----------|--------|--------------------------------|---------------------------------------------------------------------------------------------------------------------------|----------------------------------
| ADDRESS | METHOD |             ROUTE              |                                                          HANDLER                                                          |           MIDDLEWARE            |
----------|--------|--------------------------------|---------------------------------------------------------------------------------------------------------------------------|----------------------------------
| :8199   | ALL    | /*                             | shop-goframe-micro-service-refacotor/utility/middleware.MiddlewareCORS                                                    | GLOBAL MIDDLEWARE               |
----------|--------|--------------------------------|---------------------------------------------------------------------------------------------------------------------------|----------------------------------
| :8199   | ALL    | /api.json                      | github.com/gogf/gf/v2/net/ghttp.(*Server).openapiSpec                                                                     |                                 |
----------|--------|--------------------------------|---------------------------------------------------------------------------------------------------------------------------|----------------------------------
| :8199   | DELETE | /frontend/cart                 | shop-goframe-micro-service-refacotor/app/gateway-h5/api/goods.IGoodsV1.CartInfoDelete                                     | ghttp.MiddlewareHandlerResponse |
|         |        |                                |                                                                                                                           | middleware.JWTAuth              |
----------|--------|--------------------------------|---------------------------------------------------------------------------------------------------------------------------|----------------------------------
| :8199   | GET    | /frontend/cart                 | shop-goframe-micro-service-refacotor/app/gateway-h5/api/goods.IGoodsV1.CartInfoGetList                                    | ghttp.MiddlewareHandlerResponse |
|         |        |                                |                                                                                                                           | middleware.JWTAuth              |
----------|--------|--------------------------------|---------------------------------------------------------------------------------------------------------------------------|----------------------------------
| :8199   | POST   | /frontend/cart                 | shop-goframe-micro-service-refacotor/app/gateway-h5/api/goods.IGoodsV1.CartInfoCreate                                     | ghttp.MiddlewareHandlerResponse |
|         |        |                                |                                                                                                                           | middleware.JWTAuth              |
----------|--------|--------------------------------|---------------------------------------------------------------------------------------------------------------------------|----------------------------------
| :8199   | GET    | /frontend/category             | shop-goframe-micro-service-refacotor/app/gateway-h5/api/goods.IGoodsV1.CategoryInfoGetList                                | ghttp.MiddlewareHandlerResponse |
----------|--------|--------------------------------|---------------------------------------------------------------------------------------------------------------------------|----------------------------------
| :8199   | GET    | /frontend/category/all         | shop-goframe-micro-service-refacotor/app/gateway-h5/api/goods.IGoodsV1.CategoryInfoGetAll                                 | ghttp.MiddlewareHandlerResponse |
----------|--------|--------------------------------|---------------------------------------------------------------------------------------------------------------------------|----------------------------------
| :8199   | DELETE | /frontend/collection           | shop-goframe-micro-service-refacotor/app/gateway-h5/internal/controller/interaction.(*ControllerV1).CollectionInfoDelete  | ghttp.MiddlewareHandlerResponse |
|         |        |                                |                                                                                                                           | middleware.JWTAuth              |
----------|--------|--------------------------------|---------------------------------------------------------------------------------------------------------------------------|----------------------------------
| :8199   | GET    | /frontend/collection           | shop-goframe-micro-service-refacotor/app/gateway-h5/internal/controller/interaction.(*ControllerV1).CollectionInfoGetList | ghttp.MiddlewareHandlerResponse |
|         |        |                                |                                                                                                                           | middleware.JWTAuth              |
----------|--------|--------------------------------|---------------------------------------------------------------------------------------------------------------------------|----------------------------------
| :8199   | POST   | /frontend/collection           | shop-goframe-micro-service-refacotor/app/gateway-h5/internal/controller/interaction.(*ControllerV1).CollectionInfoCreate  | ghttp.MiddlewareHandlerResponse |
|         |        |                                |                                                                                                                           | middleware.JWTAuth              |
----------|--------|--------------------------------|---------------------------------------------------------------------------------------------------------------------------|----------------------------------
| :8199   | DELETE | /frontend/comment              | shop-goframe-micro-service-refacotor/app/gateway-h5/internal/controller/interaction.(*ControllerV1).CommentInfoDelete     | ghttp.MiddlewareHandlerResponse |
|         |        |                                |                                                                                                                           | middleware.JWTAuth              |
----------|--------|--------------------------------|---------------------------------------------------------------------------------------------------------------------------|----------------------------------
| :8199   | GET    | /frontend/comment              | shop-goframe-micro-service-refacotor/app/gateway-h5/internal/controller/interaction.(*ControllerV1).CommentInfoGetList    | ghttp.MiddlewareHandlerResponse |
|         |        |                                |                                                                                                                           | middleware.JWTAuth              |
----------|--------|--------------------------------|---------------------------------------------------------------------------------------------------------------------------|----------------------------------
| :8199   | POST   | /frontend/comment              | shop-goframe-micro-service-refacotor/app/gateway-h5/internal/controller/interaction.(*ControllerV1).CommentInfoCreate     | ghttp.MiddlewareHandlerResponse |
|         |        |                                |                                                                                                                           | middleware.JWTAuth              |
----------|--------|--------------------------------|---------------------------------------------------------------------------------------------------------------------------|----------------------------------
| :8199   | DELETE | /frontend/consignee            | shop-goframe-micro-service-refacotor/app/gateway-h5/api/user.IUserV1.ConsigneeInfoDelete                                  | ghttp.MiddlewareHandlerResponse |
|         |        |                                |                                                                                                                           | middleware.JWTAuth              |
----------|--------|--------------------------------|---------------------------------------------------------------------------------------------------------------------------|----------------------------------
| :8199   | GET    | /frontend/consignee            | shop-goframe-micro-service-refacotor/app/gateway-h5/api/user.IUserV1.ConsigneeInfoGetList                                 | ghttp.MiddlewareHandlerResponse |
|         |        |                                |                                                                                                                           | middleware.JWTAuth              |
----------|--------|--------------------------------|---------------------------------------------------------------------------------------------------------------------------|----------------------------------
| :8199   | POST   | /frontend/consignee            | shop-goframe-micro-service-refacotor/app/gateway-h5/api/user.IUserV1.ConsigneeInfoCreate                                  | ghttp.MiddlewareHandlerResponse |
|         |        |                                |                                                                                                                           | middleware.JWTAuth              |
----------|--------|--------------------------------|---------------------------------------------------------------------------------------------------------------------------|----------------------------------
| :8199   | PUT    | /frontend/consignee            | shop-goframe-micro-service-refacotor/app/gateway-h5/api/user.IUserV1.ConsigneeInfoUpdate                                  | ghttp.MiddlewareHandlerResponse |
|         |        |                                |                                                                                                                           | middleware.JWTAuth              |
----------|--------|--------------------------------|---------------------------------------------------------------------------------------------------------------------------|----------------------------------
| :8199   | GET    | /frontend/goods                | shop-goframe-micro-service-refacotor/app/gateway-h5/api/goods.IGoodsV1.GoodsInfoGetList                                   | ghttp.MiddlewareHandlerResponse |
----------|--------|--------------------------------|---------------------------------------------------------------------------------------------------------------------------|----------------------------------
| :8199   | GET    | /frontend/goods/detail         | shop-goframe-micro-service-refacotor/app/gateway-h5/api/goods.IGoodsV1.GoodsInfoGetDetail                                 | ghttp.MiddlewareHandlerResponse |
----------|--------|--------------------------------|---------------------------------------------------------------------------------------------------------------------------|----------------------------------
| :8199   | GET    | /frontend/order                | shop-goframe-micro-service-refacotor/app/gateway-h5/internal/controller/order.(*ControllerV1).OrderInfoGetList            | ghttp.MiddlewareHandlerResponse |
|         |        |                                |                                                                                                                           | middleware.JWTAuth              |
----------|--------|--------------------------------|---------------------------------------------------------------------------------------------------------------------------|----------------------------------
| :8199   | POST   | /frontend/order                | shop-goframe-micro-service-refacotor/app/gateway-h5/internal/controller/order.(*ControllerV1).OrderInfoCreate             | ghttp.MiddlewareHandlerResponse |
|         |        |                                |                                                                                                                           | middleware.JWTAuth              |
----------|--------|--------------------------------|---------------------------------------------------------------------------------------------------------------------------|----------------------------------
| :8199   | GET    | /frontend/position             | shop-goframe-micro-service-refacotor/app/gateway-h5/internal/controller/banner.(*ControllerV1).PositionInfoGetList        | ghttp.MiddlewareHandlerResponse |
----------|--------|--------------------------------|---------------------------------------------------------------------------------------------------------------------------|----------------------------------
| :8199   | DELETE | /frontend/praise               | shop-goframe-micro-service-refacotor/app/gateway-h5/internal/controller/interaction.(*ControllerV1).PraiseInfoDelete      | ghttp.MiddlewareHandlerResponse |
|         |        |                                |                                                                                                                           | middleware.JWTAuth              |
----------|--------|--------------------------------|---------------------------------------------------------------------------------------------------------------------------|----------------------------------
| :8199   | GET    | /frontend/praise               | shop-goframe-micro-service-refacotor/app/gateway-h5/internal/controller/interaction.(*ControllerV1).PraiseInfoGetList     | ghttp.MiddlewareHandlerResponse |
|         |        |                                |                                                                                                                           | middleware.JWTAuth              |
----------|--------|--------------------------------|---------------------------------------------------------------------------------------------------------------------------|----------------------------------
| :8199   | POST   | /frontend/praise               | shop-goframe-micro-service-refacotor/app/gateway-h5/internal/controller/interaction.(*ControllerV1).PraiseInfoCreate      | ghttp.MiddlewareHandlerResponse |
|         |        |                                |                                                                                                                           | middleware.JWTAuth              |
----------|--------|--------------------------------|---------------------------------------------------------------------------------------------------------------------------|----------------------------------
| :8199   | GET    | /frontend/refund               | shop-goframe-micro-service-refacotor/app/gateway-h5/internal/controller/order.(*ControllerV1).RefundInfoGetList           | ghttp.MiddlewareHandlerResponse |
|         |        |                                |                                                                                                                           | middleware.JWTAuth              |
----------|--------|--------------------------------|---------------------------------------------------------------------------------------------------------------------------|----------------------------------
| :8199   | POST   | /frontend/refund               | shop-goframe-micro-service-refacotor/app/gateway-h5/internal/controller/order.(*ControllerV1).RefundInfoCreate            | ghttp.MiddlewareHandlerResponse |
|         |        |                                |                                                                                                                           | middleware.JWTAuth              |
----------|--------|--------------------------------|---------------------------------------------------------------------------------------------------------------------------|----------------------------------
| :8199   | GET    | /frontend/refund/detail/{id}   | shop-goframe-micro-service-refacotor/app/gateway-h5/internal/controller/order.(*ControllerV1).RefundInfoGetDetail         | ghttp.MiddlewareHandlerResponse |
|         |        |                                |                                                                                                                           | middleware.JWTAuth              |
----------|--------|--------------------------------|---------------------------------------------------------------------------------------------------------------------------|----------------------------------
| :8199   | GET    | /frontend/rotation             | shop-goframe-micro-service-refacotor/app/gateway-h5/internal/controller/banner.(*ControllerV1).RotationInfoGetList        | ghttp.MiddlewareHandlerResponse |
----------|--------|--------------------------------|---------------------------------------------------------------------------------------------------------------------------|----------------------------------
| :8199   | GET    | /frontend/user/info            | shop-goframe-micro-service-refacotor/app/gateway-h5/api/user.IUserV1.UserInfo                                             | ghttp.MiddlewareHandlerResponse |
|         |        |                                |                                                                                                                           | middleware.JWTAuth              |
----------|--------|--------------------------------|---------------------------------------------------------------------------------------------------------------------------|----------------------------------
| :8199   | POST   | /frontend/user/login           | shop-goframe-micro-service-refacotor/app/gateway-h5/api/user.IUserV1.UserInfoLogin                                        | ghttp.MiddlewareHandlerResponse |
----------|--------|--------------------------------|---------------------------------------------------------------------------------------------------------------------------|----------------------------------
| :8199   | POST   | /frontend/user/register        | shop-goframe-micro-service-refacotor/app/gateway-h5/api/user.IUserV1.UserInfoRegister                                     | ghttp.MiddlewareHandlerResponse |
----------|--------|--------------------------------|---------------------------------------------------------------------------------------------------------------------------|----------------------------------
| :8199   | PUT    | /frontend/user/update/password | shop-goframe-micro-service-refacotor/app/gateway-h5/api/user.IUserV1.UserInfoUpdatePassword                               | ghttp.MiddlewareHandlerResponse |
|         |        |                                |                                                                                                                           | middleware.JWTAuth              |
----------|--------|--------------------------------|---------------------------------------------------------------------------------------------------------------------------|----------------------------------
| :8199   | ALL    | /swagger/*                     | github.com/gogf/gf/v2/net/ghttp.(*Server).swaggerUI                                                                       | HOOK_BEFORE_SERVE               |
----------|--------|--------------------------------|---------------------------------------------------------------------------------------------------------------------------|----------------------------------

2026-05-14 22:01:22.543 [DEBU] user-service service deregister: &{Service:0xc000118150 Endpoints:10.26.49.164:8199 Metadata:map[insecure:true protocol:http]}
2026-05-14 22:01:22.544 [INFO] user-service pid[9601]: all servers shutdown
2026-05-14 23:02:11.273 [INFO] user-service pid[35128]: http server started listening on [:8199]
2026-05-14 23:02:11.273 [INFO] user-service swagger ui is serving at address: http://127.0.0.1:8199/swagger/
2026-05-14 23:02:11.273 [INFO] user-service openapi specification is serving at address: http://127.0.0.1:8199/api.json
2026-05-14 23:02:11.303 [DEBU] user-service service register: &{Head: Deployment: Namespace: Name:default Version: Endpoints:10.26.49.164:8199 Metadata:map[insecure:true protocol:http]}

----------|--------|--------------------------------|---------------------------------------------------------------------------------------------------------------------------|----------------------------------
| ADDRESS | METHOD |             ROUTE              |                                                          HANDLER                                                          |           MIDDLEWARE            |
----------|--------|--------------------------------|---------------------------------------------------------------------------------------------------------------------------|----------------------------------
| :8199   | ALL    | /*                             | shop-goframe-micro-service-refacotor/utility/middleware.MiddlewareCORS                                                    | GLOBAL MIDDLEWARE               |
----------|--------|--------------------------------|---------------------------------------------------------------------------------------------------------------------------|----------------------------------
| :8199   | ALL    | /api.json                      | github.com/gogf/gf/v2/net/ghttp.(*Server).openapiSpec                                                                     |                                 |
----------|--------|--------------------------------|---------------------------------------------------------------------------------------------------------------------------|----------------------------------
| :8199   | DELETE | /frontend/cart                 | shop-goframe-micro-service-refacotor/app/gateway-h5/api/goods.IGoodsV1.CartInfoDelete                                     | ghttp.MiddlewareHandlerResponse |
|         |        |                                |                                                                                                                           | middleware.JWTAuth              |
----------|--------|--------------------------------|---------------------------------------------------------------------------------------------------------------------------|----------------------------------
| :8199   | GET    | /frontend/cart                 | shop-goframe-micro-service-refacotor/app/gateway-h5/api/goods.IGoodsV1.CartInfoGetList                                    | ghttp.MiddlewareHandlerResponse |
|         |        |                                |                                                                                                                           | middleware.JWTAuth              |
----------|--------|--------------------------------|---------------------------------------------------------------------------------------------------------------------------|----------------------------------
| :8199   | POST   | /frontend/cart                 | shop-goframe-micro-service-refacotor/app/gateway-h5/api/goods.IGoodsV1.CartInfoCreate                                     | ghttp.MiddlewareHandlerResponse |
|         |        |                                |                                                                                                                           | middleware.JWTAuth              |
----------|--------|--------------------------------|---------------------------------------------------------------------------------------------------------------------------|----------------------------------
| :8199   | GET    | /frontend/category             | shop-goframe-micro-service-refacotor/app/gateway-h5/api/goods.IGoodsV1.CategoryInfoGetList                                | ghttp.MiddlewareHandlerResponse |
----------|--------|--------------------------------|---------------------------------------------------------------------------------------------------------------------------|----------------------------------
| :8199   | GET    | /frontend/category/all         | shop-goframe-micro-service-refacotor/app/gateway-h5/api/goods.IGoodsV1.CategoryInfoGetAll                                 | ghttp.MiddlewareHandlerResponse |
----------|--------|--------------------------------|---------------------------------------------------------------------------------------------------------------------------|----------------------------------
| :8199   | DELETE | /frontend/collection           | shop-goframe-micro-service-refacotor/app/gateway-h5/internal/controller/interaction.(*ControllerV1).CollectionInfoDelete  | ghttp.MiddlewareHandlerResponse |
|         |        |                                |                                                                                                                           | middleware.JWTAuth              |
----------|--------|--------------------------------|---------------------------------------------------------------------------------------------------------------------------|----------------------------------
| :8199   | GET    | /frontend/collection           | shop-goframe-micro-service-refacotor/app/gateway-h5/internal/controller/interaction.(*ControllerV1).CollectionInfoGetList | ghttp.MiddlewareHandlerResponse |
|         |        |                                |                                                                                                                           | middleware.JWTAuth              |
----------|--------|--------------------------------|---------------------------------------------------------------------------------------------------------------------------|----------------------------------
| :8199   | POST   | /frontend/collection           | shop-goframe-micro-service-refacotor/app/gateway-h5/internal/controller/interaction.(*ControllerV1).CollectionInfoCreate  | ghttp.MiddlewareHandlerResponse |
|         |        |                                |                                                                                                                           | middleware.JWTAuth              |
----------|--------|--------------------------------|---------------------------------------------------------------------------------------------------------------------------|----------------------------------
| :8199   | DELETE | /frontend/comment              | shop-goframe-micro-service-refacotor/app/gateway-h5/internal/controller/interaction.(*ControllerV1).CommentInfoDelete     | ghttp.MiddlewareHandlerResponse |
|         |        |                                |                                                                                                                           | middleware.JWTAuth              |
----------|--------|--------------------------------|---------------------------------------------------------------------------------------------------------------------------|----------------------------------
| :8199   | GET    | /frontend/comment              | shop-goframe-micro-service-refacotor/app/gateway-h5/internal/controller/interaction.(*ControllerV1).CommentInfoGetList    | ghttp.MiddlewareHandlerResponse |
|         |        |                                |                                                                                                                           | middleware.JWTAuth              |
----------|--------|--------------------------------|---------------------------------------------------------------------------------------------------------------------------|----------------------------------
| :8199   | POST   | /frontend/comment              | shop-goframe-micro-service-refacotor/app/gateway-h5/internal/controller/interaction.(*ControllerV1).CommentInfoCreate     | ghttp.MiddlewareHandlerResponse |
|         |        |                                |                                                                                                                           | middleware.JWTAuth              |
----------|--------|--------------------------------|---------------------------------------------------------------------------------------------------------------------------|----------------------------------
| :8199   | DELETE | /frontend/consignee            | shop-goframe-micro-service-refacotor/app/gateway-h5/api/user.IUserV1.ConsigneeInfoDelete                                  | ghttp.MiddlewareHandlerResponse |
|         |        |                                |                                                                                                                           | middleware.JWTAuth              |
----------|--------|--------------------------------|---------------------------------------------------------------------------------------------------------------------------|----------------------------------
| :8199   | GET    | /frontend/consignee            | shop-goframe-micro-service-refacotor/app/gateway-h5/api/user.IUserV1.ConsigneeInfoGetList                                 | ghttp.MiddlewareHandlerResponse |
|         |        |                                |                                                                                                                           | middleware.JWTAuth              |
----------|--------|--------------------------------|---------------------------------------------------------------------------------------------------------------------------|----------------------------------
| :8199   | POST   | /frontend/consignee            | shop-goframe-micro-service-refacotor/app/gateway-h5/api/user.IUserV1.ConsigneeInfoCreate                                  | ghttp.MiddlewareHandlerResponse |
|         |        |                                |                                                                                                                           | middleware.JWTAuth              |
----------|--------|--------------------------------|---------------------------------------------------------------------------------------------------------------------------|----------------------------------
| :8199   | PUT    | /frontend/consignee            | shop-goframe-micro-service-refacotor/app/gateway-h5/api/user.IUserV1.ConsigneeInfoUpdate                                  | ghttp.MiddlewareHandlerResponse |
|         |        |                                |                                                                                                                           | middleware.JWTAuth              |
----------|--------|--------------------------------|---------------------------------------------------------------------------------------------------------------------------|----------------------------------
| :8199   | GET    | /frontend/goods                | shop-goframe-micro-service-refacotor/app/gateway-h5/api/goods.IGoodsV1.GoodsInfoGetList                                   | ghttp.MiddlewareHandlerResponse |
----------|--------|--------------------------------|---------------------------------------------------------------------------------------------------------------------------|----------------------------------
| :8199   | GET    | /frontend/goods/detail         | shop-goframe-micro-service-refacotor/app/gateway-h5/api/goods.IGoodsV1.GoodsInfoGetDetail                                 | ghttp.MiddlewareHandlerResponse |
----------|--------|--------------------------------|---------------------------------------------------------------------------------------------------------------------------|----------------------------------
| :8199   | GET    | /frontend/order                | shop-goframe-micro-service-refacotor/app/gateway-h5/internal/controller/order.(*ControllerV1).OrderInfoGetList            | ghttp.MiddlewareHandlerResponse |
|         |        |                                |                                                                                                                           | middleware.JWTAuth              |
----------|--------|--------------------------------|---------------------------------------------------------------------------------------------------------------------------|----------------------------------
| :8199   | POST   | /frontend/order                | shop-goframe-micro-service-refacotor/app/gateway-h5/internal/controller/order.(*ControllerV1).OrderInfoCreate             | ghttp.MiddlewareHandlerResponse |
|         |        |                                |                                                                                                                           | middleware.JWTAuth              |
----------|--------|--------------------------------|---------------------------------------------------------------------------------------------------------------------------|----------------------------------
| :8199   | GET    | /frontend/position             | shop-goframe-micro-service-refacotor/app/gateway-h5/internal/controller/banner.(*ControllerV1).PositionInfoGetList        | ghttp.MiddlewareHandlerResponse |
----------|--------|--------------------------------|---------------------------------------------------------------------------------------------------------------------------|----------------------------------
| :8199   | DELETE | /frontend/praise               | shop-goframe-micro-service-refacotor/app/gateway-h5/internal/controller/interaction.(*ControllerV1).PraiseInfoDelete      | ghttp.MiddlewareHandlerResponse |
|         |        |                                |                                                                                                                           | middleware.JWTAuth              |
----------|--------|--------------------------------|---------------------------------------------------------------------------------------------------------------------------|----------------------------------
| :8199   | GET    | /frontend/praise               | shop-goframe-micro-service-refacotor/app/gateway-h5/internal/controller/interaction.(*ControllerV1).PraiseInfoGetList     | ghttp.MiddlewareHandlerResponse |
|         |        |                                |                                                                                                                           | middleware.JWTAuth              |
----------|--------|--------------------------------|---------------------------------------------------------------------------------------------------------------------------|----------------------------------
| :8199   | POST   | /frontend/praise               | shop-goframe-micro-service-refacotor/app/gateway-h5/internal/controller/interaction.(*ControllerV1).PraiseInfoCreate      | ghttp.MiddlewareHandlerResponse |
|         |        |                                |                                                                                                                           | middleware.JWTAuth              |
----------|--------|--------------------------------|---------------------------------------------------------------------------------------------------------------------------|----------------------------------
| :8199   | GET    | /frontend/refund               | shop-goframe-micro-service-refacotor/app/gateway-h5/internal/controller/order.(*ControllerV1).RefundInfoGetList           | ghttp.MiddlewareHandlerResponse |
|         |        |                                |                                                                                                                           | middleware.JWTAuth              |
----------|--------|--------------------------------|---------------------------------------------------------------------------------------------------------------------------|----------------------------------
| :8199   | POST   | /frontend/refund               | shop-goframe-micro-service-refacotor/app/gateway-h5/internal/controller/order.(*ControllerV1).RefundInfoCreate            | ghttp.MiddlewareHandlerResponse |
|         |        |                                |                                                                                                                           | middleware.JWTAuth              |
----------|--------|--------------------------------|---------------------------------------------------------------------------------------------------------------------------|----------------------------------
| :8199   | GET    | /frontend/refund/detail/{id}   | shop-goframe-micro-service-refacotor/app/gateway-h5/internal/controller/order.(*ControllerV1).RefundInfoGetDetail         | ghttp.MiddlewareHandlerResponse |
|         |        |                                |                                                                                                                           | middleware.JWTAuth              |
----------|--------|--------------------------------|---------------------------------------------------------------------------------------------------------------------------|----------------------------------
| :8199   | GET    | /frontend/rotation             | shop-goframe-micro-service-refacotor/app/gateway-h5/internal/controller/banner.(*ControllerV1).RotationInfoGetList        | ghttp.MiddlewareHandlerResponse |
----------|--------|--------------------------------|---------------------------------------------------------------------------------------------------------------------------|----------------------------------
| :8199   | GET    | /frontend/user/info            | shop-goframe-micro-service-refacotor/app/gateway-h5/api/user.IUserV1.UserInfo                                             | ghttp.MiddlewareHandlerResponse |
|         |        |                                |                                                                                                                           | middleware.JWTAuth              |
----------|--------|--------------------------------|---------------------------------------------------------------------------------------------------------------------------|----------------------------------
| :8199   | POST   | /frontend/user/login           | shop-goframe-micro-service-refacotor/app/gateway-h5/api/user.IUserV1.UserInfoLogin                                        | ghttp.MiddlewareHandlerResponse |
----------|--------|--------------------------------|---------------------------------------------------------------------------------------------------------------------------|----------------------------------
| :8199   | POST   | /frontend/user/register        | shop-goframe-micro-service-refacotor/app/gateway-h5/api/user.IUserV1.UserInfoRegister                                     | ghttp.MiddlewareHandlerResponse |
----------|--------|--------------------------------|---------------------------------------------------------------------------------------------------------------------------|----------------------------------
| :8199   | PUT    | /frontend/user/update/password | shop-goframe-micro-service-refacotor/app/gateway-h5/api/user.IUserV1.UserInfoUpdatePassword                               | ghttp.MiddlewareHandlerResponse |
|         |        |                                |                                                                                                                           | middleware.JWTAuth              |
----------|--------|--------------------------------|---------------------------------------------------------------------------------------------------------------------------|----------------------------------
| :8199   | GET    | /frontend/user_coupon          | shop-goframe-micro-service-refacotor/app/gateway-h5/api/goods.IGoodsV1.UserCouponInfoGetList                              | ghttp.MiddlewareHandlerResponse |
|         |        |                                |                                                                                                                           | middleware.JWTAuth              |
----------|--------|--------------------------------|---------------------------------------------------------------------------------------------------------------------------|----------------------------------
| :8199   | ALL    | /swagger/*                     | github.com/gogf/gf/v2/net/ghttp.(*Server).swaggerUI                                                                       | HOOK_BEFORE_SERVE               |
----------|--------|--------------------------------|---------------------------------------------------------------------------------------------------------------------------|----------------------------------

2026-05-14 23:02:28.761 [FATA] user-service net.Listen address ":8199" failed: listen tcp :8199: bind: address already in use
1. net.Listen address ":8199" failed
2. listen tcp :8199: bind: address already in use

2026-05-14 23:07:35.987 [DEBU] user-service service deregister: &{Service:0xc0002be070 Endpoints:10.26.49.164:8199 Metadata:map[insecure:true protocol:http]}
2026-05-14 23:07:35.988 [INFO] user-service pid[35128]: all servers shutdown
2026-05-14 23:07:39.438 [INFO] user-service swagger ui is serving at address: http://127.0.0.1:8199/swagger/
2026-05-14 23:07:39.438 [INFO] user-service pid[36999]: http server started listening on [:8199]
2026-05-14 23:07:39.438 [INFO] user-service openapi specification is serving at address: http://127.0.0.1:8199/api.json
2026-05-14 23:07:39.468 [DEBU] user-service service register: &{Head: Deployment: Namespace: Name:default Version: Endpoints:10.26.49.164:8199 Metadata:map[insecure:true protocol:http]}

----------|--------|--------------------------------|---------------------------------------------------------------------------------------------------------------------------|----------------------------------
| ADDRESS | METHOD |             ROUTE              |                                                          HANDLER                                                          |           MIDDLEWARE            |
----------|--------|--------------------------------|---------------------------------------------------------------------------------------------------------------------------|----------------------------------
| :8199   | ALL    | /*                             | shop-goframe-micro-service-refacotor/utility/middleware.MiddlewareCORS                                                    | GLOBAL MIDDLEWARE               |
----------|--------|--------------------------------|---------------------------------------------------------------------------------------------------------------------------|----------------------------------
| :8199   | ALL    | /api.json                      | github.com/gogf/gf/v2/net/ghttp.(*Server).openapiSpec                                                                     |                                 |
----------|--------|--------------------------------|---------------------------------------------------------------------------------------------------------------------------|----------------------------------
| :8199   | DELETE | /frontend/cart                 | shop-goframe-micro-service-refacotor/app/gateway-h5/api/goods.IGoodsV1.CartInfoDelete                                     | ghttp.MiddlewareHandlerResponse |
|         |        |                                |                                                                                                                           | middleware.JWTAuth              |
----------|--------|--------------------------------|---------------------------------------------------------------------------------------------------------------------------|----------------------------------
| :8199   | GET    | /frontend/cart                 | shop-goframe-micro-service-refacotor/app/gateway-h5/api/goods.IGoodsV1.CartInfoGetList                                    | ghttp.MiddlewareHandlerResponse |
|         |        |                                |                                                                                                                           | middleware.JWTAuth              |
----------|--------|--------------------------------|---------------------------------------------------------------------------------------------------------------------------|----------------------------------
| :8199   | POST   | /frontend/cart                 | shop-goframe-micro-service-refacotor/app/gateway-h5/api/goods.IGoodsV1.CartInfoCreate                                     | ghttp.MiddlewareHandlerResponse |
|         |        |                                |                                                                                                                           | middleware.JWTAuth              |
----------|--------|--------------------------------|---------------------------------------------------------------------------------------------------------------------------|----------------------------------
| :8199   | GET    | /frontend/category             | shop-goframe-micro-service-refacotor/app/gateway-h5/api/goods.IGoodsV1.CategoryInfoGetList                                | ghttp.MiddlewareHandlerResponse |
----------|--------|--------------------------------|---------------------------------------------------------------------------------------------------------------------------|----------------------------------
| :8199   | GET    | /frontend/category/all         | shop-goframe-micro-service-refacotor/app/gateway-h5/api/goods.IGoodsV1.CategoryInfoGetAll                                 | ghttp.MiddlewareHandlerResponse |
----------|--------|--------------------------------|---------------------------------------------------------------------------------------------------------------------------|----------------------------------
| :8199   | DELETE | /frontend/collection           | shop-goframe-micro-service-refacotor/app/gateway-h5/internal/controller/interaction.(*ControllerV1).CollectionInfoDelete  | ghttp.MiddlewareHandlerResponse |
|         |        |                                |                                                                                                                           | middleware.JWTAuth              |
----------|--------|--------------------------------|---------------------------------------------------------------------------------------------------------------------------|----------------------------------
| :8199   | GET    | /frontend/collection           | shop-goframe-micro-service-refacotor/app/gateway-h5/internal/controller/interaction.(*ControllerV1).CollectionInfoGetList | ghttp.MiddlewareHandlerResponse |
|         |        |                                |                                                                                                                           | middleware.JWTAuth              |
----------|--------|--------------------------------|---------------------------------------------------------------------------------------------------------------------------|----------------------------------
| :8199   | POST   | /frontend/collection           | shop-goframe-micro-service-refacotor/app/gateway-h5/internal/controller/interaction.(*ControllerV1).CollectionInfoCreate  | ghttp.MiddlewareHandlerResponse |
|         |        |                                |                                                                                                                           | middleware.JWTAuth              |
----------|--------|--------------------------------|---------------------------------------------------------------------------------------------------------------------------|----------------------------------
| :8199   | DELETE | /frontend/comment              | shop-goframe-micro-service-refacotor/app/gateway-h5/internal/controller/interaction.(*ControllerV1).CommentInfoDelete     | ghttp.MiddlewareHandlerResponse |
|         |        |                                |                                                                                                                           | middleware.JWTAuth              |
----------|--------|--------------------------------|---------------------------------------------------------------------------------------------------------------------------|----------------------------------
| :8199   | GET    | /frontend/comment              | shop-goframe-micro-service-refacotor/app/gateway-h5/internal/controller/interaction.(*ControllerV1).CommentInfoGetList    | ghttp.MiddlewareHandlerResponse |
|         |        |                                |                                                                                                                           | middleware.JWTAuth              |
----------|--------|--------------------------------|---------------------------------------------------------------------------------------------------------------------------|----------------------------------
| :8199   | POST   | /frontend/comment              | shop-goframe-micro-service-refacotor/app/gateway-h5/internal/controller/interaction.(*ControllerV1).CommentInfoCreate     | ghttp.MiddlewareHandlerResponse |
|         |        |                                |                                                                                                                           | middleware.JWTAuth              |
----------|--------|--------------------------------|---------------------------------------------------------------------------------------------------------------------------|----------------------------------
| :8199   | DELETE | /frontend/consignee            | shop-goframe-micro-service-refacotor/app/gateway-h5/api/user.IUserV1.ConsigneeInfoDelete                                  | ghttp.MiddlewareHandlerResponse |
|         |        |                                |                                                                                                                           | middleware.JWTAuth              |
----------|--------|--------------------------------|---------------------------------------------------------------------------------------------------------------------------|----------------------------------
| :8199   | GET    | /frontend/consignee            | shop-goframe-micro-service-refacotor/app/gateway-h5/api/user.IUserV1.ConsigneeInfoGetList                                 | ghttp.MiddlewareHandlerResponse |
|         |        |                                |                                                                                                                           | middleware.JWTAuth              |
----------|--------|--------------------------------|---------------------------------------------------------------------------------------------------------------------------|----------------------------------
| :8199   | POST   | /frontend/consignee            | shop-goframe-micro-service-refacotor/app/gateway-h5/api/user.IUserV1.ConsigneeInfoCreate                                  | ghttp.MiddlewareHandlerResponse |
|         |        |                                |                                                                                                                           | middleware.JWTAuth              |
----------|--------|--------------------------------|---------------------------------------------------------------------------------------------------------------------------|----------------------------------
| :8199   | PUT    | /frontend/consignee            | shop-goframe-micro-service-refacotor/app/gateway-h5/api/user.IUserV1.ConsigneeInfoUpdate                                  | ghttp.MiddlewareHandlerResponse |
|         |        |                                |                                                                                                                           | middleware.JWTAuth              |
----------|--------|--------------------------------|---------------------------------------------------------------------------------------------------------------------------|----------------------------------
| :8199   | GET    | /frontend/goods                | shop-goframe-micro-service-refacotor/app/gateway-h5/api/goods.IGoodsV1.GoodsInfoGetList                                   | ghttp.MiddlewareHandlerResponse |
----------|--------|--------------------------------|---------------------------------------------------------------------------------------------------------------------------|----------------------------------
| :8199   | GET    | /frontend/goods/detail         | shop-goframe-micro-service-refacotor/app/gateway-h5/api/goods.IGoodsV1.GoodsInfoGetDetail                                 | ghttp.MiddlewareHandlerResponse |
----------|--------|--------------------------------|---------------------------------------------------------------------------------------------------------------------------|----------------------------------
| :8199   | GET    | /frontend/order                | shop-goframe-micro-service-refacotor/app/gateway-h5/internal/controller/order.(*ControllerV1).OrderInfoGetList            | ghttp.MiddlewareHandlerResponse |
|         |        |                                |                                                                                                                           | middleware.JWTAuth              |
----------|--------|--------------------------------|---------------------------------------------------------------------------------------------------------------------------|----------------------------------
| :8199   | POST   | /frontend/order                | shop-goframe-micro-service-refacotor/app/gateway-h5/internal/controller/order.(*ControllerV1).OrderInfoCreate             | ghttp.MiddlewareHandlerResponse |
|         |        |                                |                                                                                                                           | middleware.JWTAuth              |
----------|--------|--------------------------------|---------------------------------------------------------------------------------------------------------------------------|----------------------------------
| :8199   | GET    | /frontend/position             | shop-goframe-micro-service-refacotor/app/gateway-h5/internal/controller/banner.(*ControllerV1).PositionInfoGetList        | ghttp.MiddlewareHandlerResponse |
----------|--------|--------------------------------|---------------------------------------------------------------------------------------------------------------------------|----------------------------------
| :8199   | DELETE | /frontend/praise               | shop-goframe-micro-service-refacotor/app/gateway-h5/internal/controller/interaction.(*ControllerV1).PraiseInfoDelete      | ghttp.MiddlewareHandlerResponse |
|         |        |                                |                                                                                                                           | middleware.JWTAuth              |
----------|--------|--------------------------------|---------------------------------------------------------------------------------------------------------------------------|----------------------------------
| :8199   | GET    | /frontend/praise               | shop-goframe-micro-service-refacotor/app/gateway-h5/internal/controller/interaction.(*ControllerV1).PraiseInfoGetList     | ghttp.MiddlewareHandlerResponse |
|         |        |                                |                                                                                                                           | middleware.JWTAuth              |
----------|--------|--------------------------------|---------------------------------------------------------------------------------------------------------------------------|----------------------------------
| :8199   | POST   | /frontend/praise               | shop-goframe-micro-service-refacotor/app/gateway-h5/internal/controller/interaction.(*ControllerV1).PraiseInfoCreate      | ghttp.MiddlewareHandlerResponse |
|         |        |                                |                                                                                                                           | middleware.JWTAuth              |
----------|--------|--------------------------------|---------------------------------------------------------------------------------------------------------------------------|----------------------------------
| :8199   | GET    | /frontend/refund               | shop-goframe-micro-service-refacotor/app/gateway-h5/internal/controller/order.(*ControllerV1).RefundInfoGetList           | ghttp.MiddlewareHandlerResponse |
|         |        |                                |                                                                                                                           | middleware.JWTAuth              |
----------|--------|--------------------------------|---------------------------------------------------------------------------------------------------------------------------|----------------------------------
| :8199   | POST   | /frontend/refund               | shop-goframe-micro-service-refacotor/app/gateway-h5/internal/controller/order.(*ControllerV1).RefundInfoCreate            | ghttp.MiddlewareHandlerResponse |
|         |        |                                |                                                                                                                           | middleware.JWTAuth              |
----------|--------|--------------------------------|---------------------------------------------------------------------------------------------------------------------------|----------------------------------
| :8199   | GET    | /frontend/refund/detail/{id}   | shop-goframe-micro-service-refacotor/app/gateway-h5/internal/controller/order.(*ControllerV1).RefundInfoGetDetail         | ghttp.MiddlewareHandlerResponse |
|         |        |                                |                                                                                                                           | middleware.JWTAuth              |
----------|--------|--------------------------------|---------------------------------------------------------------------------------------------------------------------------|----------------------------------
| :8199   | GET    | /frontend/rotation             | shop-goframe-micro-service-refacotor/app/gateway-h5/internal/controller/banner.(*ControllerV1).RotationInfoGetList        | ghttp.MiddlewareHandlerResponse |
----------|--------|--------------------------------|---------------------------------------------------------------------------------------------------------------------------|----------------------------------
| :8199   | GET    | /frontend/user/info            | shop-goframe-micro-service-refacotor/app/gateway-h5/api/user.IUserV1.UserInfo                                             | ghttp.MiddlewareHandlerResponse |
|         |        |                                |                                                                                                                           | middleware.JWTAuth              |
----------|--------|--------------------------------|---------------------------------------------------------------------------------------------------------------------------|----------------------------------
| :8199   | POST   | /frontend/user/login           | shop-goframe-micro-service-refacotor/app/gateway-h5/api/user.IUserV1.UserInfoLogin                                        | ghttp.MiddlewareHandlerResponse |
----------|--------|--------------------------------|---------------------------------------------------------------------------------------------------------------------------|----------------------------------
| :8199   | POST   | /frontend/user/register        | shop-goframe-micro-service-refacotor/app/gateway-h5/api/user.IUserV1.UserInfoRegister                                     | ghttp.MiddlewareHandlerResponse |
----------|--------|--------------------------------|---------------------------------------------------------------------------------------------------------------------------|----------------------------------
| :8199   | PUT    | /frontend/user/update/password | shop-goframe-micro-service-refacotor/app/gateway-h5/api/user.IUserV1.UserInfoUpdatePassword                               | ghttp.MiddlewareHandlerResponse |
|         |        |                                |                                                                                                                           | middleware.JWTAuth              |
----------|--------|--------------------------------|---------------------------------------------------------------------------------------------------------------------------|----------------------------------
| :8199   | GET    | /frontend/user_coupon          | shop-goframe-micro-service-refacotor/app/gateway-h5/api/goods.IGoodsV1.UserCouponInfoGetList                              | ghttp.MiddlewareHandlerResponse |
|         |        |                                |                                                                                                                           | middleware.JWTAuth              |
----------|--------|--------------------------------|---------------------------------------------------------------------------------------------------------------------------|----------------------------------
| :8199   | ALL    | /swagger/*                     | github.com/gogf/gf/v2/net/ghttp.(*Server).swaggerUI                                                                       | HOOK_BEFORE_SERVE               |
----------|--------|--------------------------------|---------------------------------------------------------------------------------------------------------------------------|----------------------------------

2026-05-14 23:09:37.435 [DEBU] user-service service deregister: &{Service:0xc0000d29a0 Endpoints:10.26.49.164:8199 Metadata:map[insecure:true protocol:http]}
2026-05-14 23:09:37.436 [INFO] user-service pid[36999]: all servers shutdown
2026-05-14 23:09:45.181 [INFO] user-service swagger ui is serving at address: http://127.0.0.1:8199/swagger/
2026-05-14 23:09:45.182 [INFO] user-service openapi specification is serving at address: http://127.0.0.1:8199/api.json
2026-05-14 23:09:45.182 [INFO] user-service pid[37669]: http server started listening on [:8199]
2026-05-14 23:09:45.212 [DEBU] user-service service register: &{Head: Deployment: Namespace: Name:default Version: Endpoints:10.26.49.164:8199 Metadata:map[insecure:true protocol:http]}

----------|--------|--------------------------------|---------------------------------------------------------------------------------------------------------------------------|----------------------------------
| ADDRESS | METHOD |             ROUTE              |                                                          HANDLER                                                          |           MIDDLEWARE            |
----------|--------|--------------------------------|---------------------------------------------------------------------------------------------------------------------------|----------------------------------
| :8199   | ALL    | /*                             | shop-goframe-micro-service-refacotor/utility/middleware.MiddlewareCORS                                                    | GLOBAL MIDDLEWARE               |
----------|--------|--------------------------------|---------------------------------------------------------------------------------------------------------------------------|----------------------------------
| :8199   | ALL    | /api.json                      | github.com/gogf/gf/v2/net/ghttp.(*Server).openapiSpec                                                                     |                                 |
----------|--------|--------------------------------|---------------------------------------------------------------------------------------------------------------------------|----------------------------------
| :8199   | DELETE | /frontend/cart                 | shop-goframe-micro-service-refacotor/app/gateway-h5/api/goods.IGoodsV1.CartInfoDelete                                     | ghttp.MiddlewareHandlerResponse |
|         |        |                                |                                                                                                                           | middleware.JWTAuth              |
----------|--------|--------------------------------|---------------------------------------------------------------------------------------------------------------------------|----------------------------------
| :8199   | GET    | /frontend/cart                 | shop-goframe-micro-service-refacotor/app/gateway-h5/api/goods.IGoodsV1.CartInfoGetList                                    | ghttp.MiddlewareHandlerResponse |
|         |        |                                |                                                                                                                           | middleware.JWTAuth              |
----------|--------|--------------------------------|---------------------------------------------------------------------------------------------------------------------------|----------------------------------
| :8199   | POST   | /frontend/cart                 | shop-goframe-micro-service-refacotor/app/gateway-h5/api/goods.IGoodsV1.CartInfoCreate                                     | ghttp.MiddlewareHandlerResponse |
|         |        |                                |                                                                                                                           | middleware.JWTAuth              |
----------|--------|--------------------------------|---------------------------------------------------------------------------------------------------------------------------|----------------------------------
| :8199   | GET    | /frontend/category             | shop-goframe-micro-service-refacotor/app/gateway-h5/api/goods.IGoodsV1.CategoryInfoGetList                                | ghttp.MiddlewareHandlerResponse |
----------|--------|--------------------------------|---------------------------------------------------------------------------------------------------------------------------|----------------------------------
| :8199   | GET    | /frontend/category/all         | shop-goframe-micro-service-refacotor/app/gateway-h5/api/goods.IGoodsV1.CategoryInfoGetAll                                 | ghttp.MiddlewareHandlerResponse |
----------|--------|--------------------------------|---------------------------------------------------------------------------------------------------------------------------|----------------------------------
| :8199   | DELETE | /frontend/collection           | shop-goframe-micro-service-refacotor/app/gateway-h5/internal/controller/interaction.(*ControllerV1).CollectionInfoDelete  | ghttp.MiddlewareHandlerResponse |
|         |        |                                |                                                                                                                           | middleware.JWTAuth              |
----------|--------|--------------------------------|---------------------------------------------------------------------------------------------------------------------------|----------------------------------
| :8199   | GET    | /frontend/collection           | shop-goframe-micro-service-refacotor/app/gateway-h5/internal/controller/interaction.(*ControllerV1).CollectionInfoGetList | ghttp.MiddlewareHandlerResponse |
|         |        |                                |                                                                                                                           | middleware.JWTAuth              |
----------|--------|--------------------------------|---------------------------------------------------------------------------------------------------------------------------|----------------------------------
| :8199   | POST   | /frontend/collection           | shop-goframe-micro-service-refacotor/app/gateway-h5/internal/controller/interaction.(*ControllerV1).CollectionInfoCreate  | ghttp.MiddlewareHandlerResponse |
|         |        |                                |                                                                                                                           | middleware.JWTAuth              |
----------|--------|--------------------------------|---------------------------------------------------------------------------------------------------------------------------|----------------------------------
| :8199   | DELETE | /frontend/comment              | shop-goframe-micro-service-refacotor/app/gateway-h5/internal/controller/interaction.(*ControllerV1).CommentInfoDelete     | ghttp.MiddlewareHandlerResponse |
|         |        |                                |                                                                                                                           | middleware.JWTAuth              |
----------|--------|--------------------------------|---------------------------------------------------------------------------------------------------------------------------|----------------------------------
| :8199   | GET    | /frontend/comment              | shop-goframe-micro-service-refacotor/app/gateway-h5/internal/controller/interaction.(*ControllerV1).CommentInfoGetList    | ghttp.MiddlewareHandlerResponse |
|         |        |                                |                                                                                                                           | middleware.JWTAuth              |
----------|--------|--------------------------------|---------------------------------------------------------------------------------------------------------------------------|----------------------------------
| :8199   | POST   | /frontend/comment              | shop-goframe-micro-service-refacotor/app/gateway-h5/internal/controller/interaction.(*ControllerV1).CommentInfoCreate     | ghttp.MiddlewareHandlerResponse |
|         |        |                                |                                                                                                                           | middleware.JWTAuth              |
----------|--------|--------------------------------|---------------------------------------------------------------------------------------------------------------------------|----------------------------------
| :8199   | DELETE | /frontend/consignee            | shop-goframe-micro-service-refacotor/app/gateway-h5/api/user.IUserV1.ConsigneeInfoDelete                                  | ghttp.MiddlewareHandlerResponse |
|         |        |                                |                                                                                                                           | middleware.JWTAuth              |
----------|--------|--------------------------------|---------------------------------------------------------------------------------------------------------------------------|----------------------------------
| :8199   | GET    | /frontend/consignee            | shop-goframe-micro-service-refacotor/app/gateway-h5/api/user.IUserV1.ConsigneeInfoGetList                                 | ghttp.MiddlewareHandlerResponse |
|         |        |                                |                                                                                                                           | middleware.JWTAuth              |
----------|--------|--------------------------------|---------------------------------------------------------------------------------------------------------------------------|----------------------------------
| :8199   | POST   | /frontend/consignee            | shop-goframe-micro-service-refacotor/app/gateway-h5/api/user.IUserV1.ConsigneeInfoCreate                                  | ghttp.MiddlewareHandlerResponse |
|         |        |                                |                                                                                                                           | middleware.JWTAuth              |
----------|--------|--------------------------------|---------------------------------------------------------------------------------------------------------------------------|----------------------------------
| :8199   | PUT    | /frontend/consignee            | shop-goframe-micro-service-refacotor/app/gateway-h5/api/user.IUserV1.ConsigneeInfoUpdate                                  | ghttp.MiddlewareHandlerResponse |
|         |        |                                |                                                                                                                           | middleware.JWTAuth              |
----------|--------|--------------------------------|---------------------------------------------------------------------------------------------------------------------------|----------------------------------
| :8199   | GET    | /frontend/goods                | shop-goframe-micro-service-refacotor/app/gateway-h5/api/goods.IGoodsV1.GoodsInfoGetList                                   | ghttp.MiddlewareHandlerResponse |
----------|--------|--------------------------------|---------------------------------------------------------------------------------------------------------------------------|----------------------------------
| :8199   | GET    | /frontend/goods/detail         | shop-goframe-micro-service-refacotor/app/gateway-h5/api/goods.IGoodsV1.GoodsInfoGetDetail                                 | ghttp.MiddlewareHandlerResponse |
----------|--------|--------------------------------|---------------------------------------------------------------------------------------------------------------------------|----------------------------------
| :8199   | GET    | /frontend/order                | shop-goframe-micro-service-refacotor/app/gateway-h5/internal/controller/order.(*ControllerV1).OrderInfoGetList            | ghttp.MiddlewareHandlerResponse |
|         |        |                                |                                                                                                                           | middleware.JWTAuth              |
----------|--------|--------------------------------|---------------------------------------------------------------------------------------------------------------------------|----------------------------------
| :8199   | POST   | /frontend/order                | shop-goframe-micro-service-refacotor/app/gateway-h5/internal/controller/order.(*ControllerV1).OrderInfoCreate             | ghttp.MiddlewareHandlerResponse |
|         |        |                                |                                                                                                                           | middleware.JWTAuth              |
----------|--------|--------------------------------|---------------------------------------------------------------------------------------------------------------------------|----------------------------------
| :8199   | GET    | /frontend/position             | shop-goframe-micro-service-refacotor/app/gateway-h5/internal/controller/banner.(*ControllerV1).PositionInfoGetList        | ghttp.MiddlewareHandlerResponse |
----------|--------|--------------------------------|---------------------------------------------------------------------------------------------------------------------------|----------------------------------
| :8199   | DELETE | /frontend/praise               | shop-goframe-micro-service-refacotor/app/gateway-h5/internal/controller/interaction.(*ControllerV1).PraiseInfoDelete      | ghttp.MiddlewareHandlerResponse |
|         |        |                                |                                                                                                                           | middleware.JWTAuth              |
----------|--------|--------------------------------|---------------------------------------------------------------------------------------------------------------------------|----------------------------------
| :8199   | GET    | /frontend/praise               | shop-goframe-micro-service-refacotor/app/gateway-h5/internal/controller/interaction.(*ControllerV1).PraiseInfoGetList     | ghttp.MiddlewareHandlerResponse |
|         |        |                                |                                                                                                                           | middleware.JWTAuth              |
----------|--------|--------------------------------|---------------------------------------------------------------------------------------------------------------------------|----------------------------------
| :8199   | POST   | /frontend/praise               | shop-goframe-micro-service-refacotor/app/gateway-h5/internal/controller/interaction.(*ControllerV1).PraiseInfoCreate      | ghttp.MiddlewareHandlerResponse |
|         |        |                                |                                                                                                                           | middleware.JWTAuth              |
----------|--------|--------------------------------|---------------------------------------------------------------------------------------------------------------------------|----------------------------------
| :8199   | GET    | /frontend/refund               | shop-goframe-micro-service-refacotor/app/gateway-h5/internal/controller/order.(*ControllerV1).RefundInfoGetList           | ghttp.MiddlewareHandlerResponse |
|         |        |                                |                                                                                                                           | middleware.JWTAuth              |
----------|--------|--------------------------------|---------------------------------------------------------------------------------------------------------------------------|----------------------------------
| :8199   | POST   | /frontend/refund               | shop-goframe-micro-service-refacotor/app/gateway-h5/internal/controller/order.(*ControllerV1).RefundInfoCreate            | ghttp.MiddlewareHandlerResponse |
|         |        |                                |                                                                                                                           | middleware.JWTAuth              |
----------|--------|--------------------------------|---------------------------------------------------------------------------------------------------------------------------|----------------------------------
| :8199   | GET    | /frontend/refund/detail/{id}   | shop-goframe-micro-service-refacotor/app/gateway-h5/internal/controller/order.(*ControllerV1).RefundInfoGetDetail         | ghttp.MiddlewareHandlerResponse |
|         |        |                                |                                                                                                                           | middleware.JWTAuth              |
----------|--------|--------------------------------|---------------------------------------------------------------------------------------------------------------------------|----------------------------------
| :8199   | GET    | /frontend/rotation             | shop-goframe-micro-service-refacotor/app/gateway-h5/internal/controller/banner.(*ControllerV1).RotationInfoGetList        | ghttp.MiddlewareHandlerResponse |
----------|--------|--------------------------------|---------------------------------------------------------------------------------------------------------------------------|----------------------------------
| :8199   | GET    | /frontend/user/info            | shop-goframe-micro-service-refacotor/app/gateway-h5/api/user.IUserV1.UserInfo                                             | ghttp.MiddlewareHandlerResponse |
|         |        |                                |                                                                                                                           | middleware.JWTAuth              |
----------|--------|--------------------------------|---------------------------------------------------------------------------------------------------------------------------|----------------------------------
| :8199   | POST   | /frontend/user/login           | shop-goframe-micro-service-refacotor/app/gateway-h5/api/user.IUserV1.UserInfoLogin                                        | ghttp.MiddlewareHandlerResponse |
----------|--------|--------------------------------|---------------------------------------------------------------------------------------------------------------------------|----------------------------------
| :8199   | POST   | /frontend/user/register        | shop-goframe-micro-service-refacotor/app/gateway-h5/api/user.IUserV1.UserInfoRegister                                     | ghttp.MiddlewareHandlerResponse |
----------|--------|--------------------------------|---------------------------------------------------------------------------------------------------------------------------|----------------------------------
| :8199   | PUT    | /frontend/user/update/password | shop-goframe-micro-service-refacotor/app/gateway-h5/api/user.IUserV1.UserInfoUpdatePassword                               | ghttp.MiddlewareHandlerResponse |
|         |        |                                |                                                                                                                           | middleware.JWTAuth              |
----------|--------|--------------------------------|---------------------------------------------------------------------------------------------------------------------------|----------------------------------
| :8199   | GET    | /frontend/user_coupon          | shop-goframe-micro-service-refacotor/app/gateway-h5/api/goods.IGoodsV1.UserCouponInfoGetList                              | ghttp.MiddlewareHandlerResponse |
|         |        |                                |                                                                                                                           | middleware.JWTAuth              |
----------|--------|--------------------------------|---------------------------------------------------------------------------------------------------------------------------|----------------------------------
| :8199   | ALL    | /swagger/*                     | github.com/gogf/gf/v2/net/ghttp.(*Server).swaggerUI                                                                       | HOOK_BEFORE_SERVE               |
----------|--------|--------------------------------|---------------------------------------------------------------------------------------------------------------------------|----------------------------------

2026-05-14 23:10:18.747 [DEBU] user-service service deregister: &{Service:0xc0002b40e0 Endpoints:10.26.49.164:8199 Metadata:map[insecure:true protocol:http]}
2026-05-14 23:10:18.748 [INFO] user-service pid[37669]: all servers shutdown
